# JRE version: Java(TM) SE Runtime Environment (9.0+11) (build 9.0.4+11)
# Java VM: Java HotSpot(TM) 64-Bit Server VM (9.0.4+11, mixed mode, tiered, compressed oops, g1 gc, windows-amd64)
Heap:
 garbage-first heap   total 193536K, used 93423K [0x0000000700000000, 0x00000007001005e8, 0x00000007c0000000)
  region size 1024K, 32 young (32768K), 4 survivors (4096K)
 Metaspace       used 69458K, capacity 74190K, committed 74440K, reserved 1114112K
  class space    used 9777K, capacity 10625K, committed 10696K, reserved 1048576K
GC Heap History (10 events):
Event: 19.339 GC heap before
{Heap before GC invocations=21 (full 1):
 garbage-first heap   total 160768K, used 121546K [0x0000000700000000, 0x00000007001004e8, 0x00000007c0000000)
  region size 1024K, 60 young (61440K), 2 survivors (2048K)
 Metaspace       used 66214K, capacity 70254K, committed 70472K, reserved 1110016K
  class space    used 9305K, capacity 10049K, committed 10056K, reserved 1048576K
}
Event: 19.342 GC heap after
{Heap after GC invocations=22 (full 1):
 garbage-first heap   total 160768K, used 62134K [0x0000000700000000, 0x00000007001004e8, 0x00000007c0000000)
  region size 1024K, 2 young (2048K), 2 survivors (2048K)
 Metaspace       used 66214K, capacity 70254K, committed 70472K, reserved 1110016K
  class space    used 9305K, capacity 10049K, committed 10056K, reserved 1048576K
}
Event: 20.263 GC heap before
{Heap before GC invocations=22 (full 1):
 garbage-first heap   total 160768K, used 121526K [0x0000000700000000, 0x00000007001004e8, 0x00000007c0000000)
  region size 1024K, 60 young (61440K), 2 survivors (2048K)
 Metaspace       used 68180K, capacity 72452K, committed 72648K, reserved 1112064K
  class space    used 9628K, capacity 10402K, committed 10440K, reserved 1048576K
}
Event: 20.276 GC heap after
{Heap after GC invocations=23 (full 1):
 garbage-first heap   total 193536K, used 65228K [0x0000000700000000, 0x00000007001005e8, 0x00000007c0000000)
  region size 1024K, 5 young (5120K), 5 survivors (5120K)
 Metaspace       used 68180K, capacity 72452K, committed 72648K, reserved 1112064K
  class space    used 9628K, capacity 10402K, committed 10440K, reserved 1048576K
}
Event: 21.389 GC heap before
{Heap before GC invocations=23 (full 1):
 garbage-first heap   total 193536K, used 121548K [0x0000000700000000, 0x00000007001005e8, 0x00000007c0000000)
  region size 1024K, 60 young (61440K), 5 survivors (5120K)
 Metaspace       used 68733K, capacity 73480K, committed 73544K, reserved 1112064K
  class space    used 9727K, capacity 10560K, committed 10568K, reserved 1048576K
}
Event: 21.395 GC heap after
{Heap after GC invocations=24 (full 1):
 garbage-first heap   total 193536K, used 64878K [0x0000000700000000, 0x00000007001005e8, 0x00000007c0000000)
  region size 1024K, 4 young (4096K), 4 survivors (4096K)
 Metaspace       used 68733K, capacity 73480K, committed 73544K, reserved 1112064K
  class space    used 9727K, capacity 10560K, committed 10568K, reserved 1048576K
}
Event: 21.760 GC heap before
{Heap before GC invocations=24 (full 1):
 garbage-first heap   total 193536K, used 122222K [0x0000000700000000, 0x00000007001005e8, 0x00000007c0000000)
  region size 1024K, 60 young (61440K), 4 survivors (4096K)
 Metaspace       used 68785K, capacity 73480K, committed 73544K, reserved 1112064K
  class space    used 9727K, capacity 10560K, committed 10568K, reserved 1048576K
}
Event: 21.765 GC heap after
{Heap after GC invocations=25 (full 1):
 garbage-first heap   total 193536K, used 65644K [0x0000000700000000, 0x00000007001005e8, 0x00000007c0000000)
  region size 1024K, 5 young (5120K), 5 survivors (5120K)
 Metaspace       used 68785K, capacity 73480K, committed 73544K, reserved 1112064K
  class space    used 9727K, capacity 10560K, committed 10568K, reserved 1048576K
}
Event: 22.616 GC heap before
{Heap before GC invocations=25 (full 1):
 garbage-first heap   total 193536K, used 122988K [0x0000000700000000, 0x00000007001005e8, 0x00000007c0000000)
  region size 1024K, 60 young (61440K), 5 survivors (5120K)
 Metaspace       used 69046K, capacity 73800K, committed 74056K, reserved 1112064K
  class space    used 9737K, capacity 10560K, committed 10568K, reserved 1048576K
}
Event: 22.620 GC heap after
{Heap after GC invocations=26 (full 1):
 garbage-first heap   total 193536K, used 65775K [0x0000000700000000, 0x00000007001005e8, 0x00000007c0000000)
  region size 1024K, 4 young (4096K), 4 survivors (4096K)
 Metaspace       used 69046K, capacity 73800K, committed 74056K, reserved 1112064K
  class space    used 9737K, capacity 10560K, committed 10568K, reserved 1048576K
}

