# JRE version: Java(TM) SE Runtime Environment (9.0+11) (build 9.0.4+11)
# Java VM: Java HotSpot(TM) 64-Bit Server VM (9.0.4+11, mixed mode, tiered, compressed oops, g1 gc, windows-amd64)
Heap:
 garbage-first heap   total 189440K, used 123973K [0x0000000700000000, 0x00000007001005c8, 0x00000007c0000000)
  region size 1024K, 57 young (58368K), 1 survivors (1024K)
 Metaspace       used 72641K, capacity 77702K, committed 77908K, reserved 1116160K
  class space    used 10193K, capacity 11087K, committed 11132K, reserved 1048576K
GC Heap History (10 events):
Event: 28.742 GC heap before
{Heap before GC invocations=25 (full 1):
 garbage-first heap   total 189440K, used 123823K [0x0000000700000000, 0x00000007001005c8, 0x00000007c0000000)
  region size 1024K, 60 young (61440K), 8 survivors (8192K)
 Metaspace       used 71656K, capacity 76622K, committed 76884K, reserved 1116160K
  class space    used 10150K, capacity 11047K, committed 11132K, reserved 1048576K
}
Event: 28.751 GC heap after
{Heap after GC invocations=26 (full 1):
 garbage-first heap   total 189440K, used 71323K [0x0000000700000000, 0x00000007001005c8, 0x00000007c0000000)
  region size 1024K, 2 young (2048K), 2 survivors (2048K)
 Metaspace       used 71656K, capacity 76622K, committed 76884K, reserved 1116160K
  class space    used 10150K, capacity 11047K, committed 11132K, reserved 1048576K
}
Event: 29.169 GC heap before
{Heap before GC invocations=26 (full 1):
 garbage-first heap   total 189440K, used 130715K [0x0000000700000000, 0x00000007001005c8, 0x00000007c0000000)
  region size 1024K, 60 young (61440K), 2 survivors (2048K)
 Metaspace       used 71822K, capacity 76814K, committed 77140K, reserved 1116160K
  class space    used 10150K, capacity 11047K, committed 11132K, reserved 1048576K
}
Event: 29.174 GC heap after
{Heap after GC invocations=27 (full 1):
 garbage-first heap   total 189440K, used 71599K [0x0000000700000000, 0x00000007001005c8, 0x00000007c0000000)
  region size 1024K, 2 young (2048K), 2 survivors (2048K)
 Metaspace       used 71822K, capacity 76814K, committed 77140K, reserved 1116160K
  class space    used 10150K, capacity 11047K, committed 11132K, reserved 1048576K
}
Event: 30.115 GC heap before
{Heap before GC invocations=27 (full 1):
 garbage-first heap   total 189440K, used 132015K [0x0000000700000000, 0x00000007001005c8, 0x00000007c0000000)
  region size 1024K, 60 young (61440K), 2 survivors (2048K)
 Metaspace       used 71952K, capacity 76878K, committed 77140K, reserved 1116160K
  class space    used 10151K, capacity 11047K, committed 11132K, reserved 1048576K
}
Event: 30.117 GC heap after
{Heap after GC invocations=28 (full 1):
 garbage-first heap   total 189440K, used 71369K [0x0000000700000000, 0x00000007001005c8, 0x00000007c0000000)
  region size 1024K, 2 young (2048K), 2 survivors (2048K)
 Metaspace       used 71952K, capacity 76878K, committed 77140K, reserved 1116160K
  class space    used 10151K, capacity 11047K, committed 11132K, reserved 1048576K
}
Event: 31.260 GC heap before
{Heap before GC invocations=28 (full 1):
 garbage-first heap   total 189440K, used 77513K [0x0000000700000000, 0x00000007001005c8, 0x00000007c0000000)
  region size 1024K, 9 young (9216K), 2 survivors (2048K)
 Metaspace       used 72037K, capacity 77006K, committed 77140K, reserved 1116160K
  class space    used 10151K, capacity 11047K, committed 11132K, reserved 1048576K
}
Event: 31.438 GC heap after
{Heap after GC invocations=29 (full 2):
 garbage-first heap   total 189440K, used 67016K [0x0000000700000000, 0x00000007001005c8, 0x00000007c0000000)
  region size 1024K, 0 young (0K), 0 survivors (0K)
 Metaspace       used 72037K, capacity 77006K, committed 77140K, reserved 1116160K
  class space    used 10151K, capacity 11047K, committed 11132K, reserved 1048576K
}
Event: 36.096 GC heap before
{Heap before GC invocations=29 (full 2):
 garbage-first heap   total 189440K, used 128456K [0x0000000700000000, 0x00000007001005c8, 0x00000007c0000000)
  region size 1024K, 60 young (61440K), 0 survivors (0K)
 Metaspace       used 72420K, capacity 77446K, committed 77652K, reserved 1116160K
  class space    used 10190K, capacity 11087K, committed 11132K, reserved 1048576K
}
Event: 36.098 GC heap after
{Heap after GC invocations=30 (full 2):
 garbage-first heap   total 189440K, used 67653K [0x0000000700000000, 0x00000007001005c8, 0x00000007c0000000)
  region size 1024K, 1 young (1024K), 1 survivors (1024K)
 Metaspace       used 72420K, capacity 77446K, committed 77652K, reserved 1116160K
  class space    used 10190K, capacity 11087K, committed 11132K, reserved 1048576K
}

